2024-10-04 13:44:04.687 [info] Experiment 'pythonRecommendTensorboardExt' is active
2024-10-04 13:44:04.687 [info] Experiment 'pythonTerminalEnvVarActivation' is active
2024-10-04 13:44:04.687 [info] Experiment 'pythonTestAdapter' is active
2024-10-04 13:44:04.687 [warning] Dir "/teamspace/studios/this_studio/.pixi/envs" is not watchable (directory does not exist)
2024-10-04 13:44:04.687 [info] Default formatter is set to null for workspace /teamspace/studios/this_studio
2024-10-04 13:44:04.687 [info] Python interpreter path: /home/zeus/miniconda3/envs/cloudspace/bin/python
2024-10-04 13:44:05.107 [info] > pyenv which python
2024-10-04 13:44:05.107 [info] cwd: .
2024-10-04 13:44:17.234 [info] Starting Pylance language server.
2024-10-04 13:44:17.245 [info] > conda info --json
2024-10-04 13:56:07.435 [info] Discover tests for workspace name: this_studio - uri: /teamspace/studios/this_studio/main.py
2024-10-04 13:56:09.076 [info] Discover tests for workspace name: this_studio - uri: /teamspace/studios/this_studio/main.py
2024-10-04 13:57:17.992 [info] Discover tests for workspace name: this_studio - uri: /teamspace/studios/this_studio/main.py
2024-10-04 13:58:08.111 [info] Discover tests for workspace name: this_studio - uri: /teamspace/studios/this_studio/main.py
2024-10-04 13:58:48.659 [info] Discover tests for workspace name: this_studio - uri: /teamspace/studios/this_studio/main.py
2024-10-04 14:04:28.477 [info] Discover tests for workspace name: this_studio - uri: /teamspace/studios/this_studio/main.py
2024-10-04 14:04:32.702 [info] Discover tests for workspace name: this_studio - uri: /teamspace/studios/this_studio/main.py
2024-10-04 14:05:13.680 [info] Discover tests for workspace name: this_studio - uri: /teamspace/studios/this_studio/main.py
2024-10-04 14:06:31.249 [info] Discover tests for workspace name: this_studio - uri: /teamspace/studios/this_studio/main.py
2024-10-04 14:19:26.012 [info] Discover tests for workspace name: this_studio - uri: /teamspace/studios/this_studio/main.py
2024-10-04 14:20:36.903 [info] Discover tests for workspace name: this_studio - uri: /teamspace/studios/this_studio/main.py
2024-10-04 14:21:31.141 [info] Discover tests for workspace name: this_studio - uri: /teamspace/studios/this_studio/main.py
2024-10-04 14:29:02.186 [info] Discover tests for workspace name: this_studio - uri: /teamspace/studios/this_studio/main.py
2024-10-04 14:34:37.466 [info] Discover tests for workspace name: this_studio - uri: /teamspace/studios/this_studio/main.py
2024-10-04 14:57:32.743 [info] Discover tests for workspace name: this_studio - uri: /teamspace/studios/this_studio/main.py
2024-10-04 14:58:08.801 [info] Discover tests for workspace name: this_studio - uri: /teamspace/studios/this_studio/main.py
2024-10-04 15:00:24.759 [info] Discover tests for workspace name: this_studio - uri: /teamspace/studios/this_studio/main.py
2024-10-04 15:03:32.364 [info] Discover tests for workspace name: this_studio - uri: /teamspace/studios/this_studio/main.py
2024-10-04 15:07:42.745 [info] Discover tests for workspace name: this_studio - uri: /teamspace/studios/this_studio/main.py
2024-10-04 15:07:54.003 [info] Discover tests for workspace name: this_studio - uri: /teamspace/studios/this_studio/main.py
2024-10-04 15:18:49.092 [info] Discover tests for workspace name: this_studio - uri: /teamspace/studios/this_studio/main.py
