2024-10-03 19:00:01.948 [info] Extension host with pid 32532 started
2024-10-03 19:00:01.948 [error] Error: EEXIST: file already exists, open '/teamspace/studios/this_studio/.vscode-server/data/User/workspaceStorage/f67e57637d5c94274a0a90e79a73d602/vscode.lock'
2024-10-03 19:00:01.951 [info] Lock '/teamspace/studios/this_studio/.vscode-server/data/User/workspaceStorage/f67e57637d5c94274a0a90e79a73d602/vscode.lock': Could not acquire lock, checking if the file is stale.
2024-10-03 19:00:01.960 [info] Lock '/teamspace/studios/this_studio/.vscode-server/data/User/workspaceStorage/f67e57637d5c94274a0a90e79a73d602/vscode.lock': The lock does not look stale, elapsed: 304 ms, giving up.
2024-10-03 19:00:01.972 [info] Lock '/teamspace/studios/this_studio/.vscode-server/data/User/workspaceStorage/f67e57637d5c94274a0a90e79a73d602-1/vscode.lock': Lock acquired.
2024-10-03 19:00:03.537 [info] ExtensionService#_doActivateExtension mechatroner.rainbow-csv, startup: false, activationEvent: 'onLanguage:plaintext'
2024-10-03 19:00:03.538 [info] ExtensionService#_doActivateExtension vscode.emmet, startup: false, activationEvent: 'onLanguage'
2024-10-03 19:00:03.539 [info] ExtensionService#_doActivateExtension vscode.tunnel-forwarding, startup: false, activationEvent: 'onTunnel'
2024-10-03 19:00:03.539 [info] ExtensionService#_doActivateExtension ms-python.python, startup: false, activationEvent: 'onLanguage:python', root cause: ms-python.debugpy
2024-10-03 19:00:03.540 [info] ExtensionService#_doActivateExtension vscode.git-base, startup: false, activationEvent: '*', root cause: vscode.git
2024-10-03 19:00:04.773 [info] ExtensionService#_doActivateExtension vscode.git, startup: false, activationEvent: '*'
2024-10-03 19:00:04.773 [info] ExtensionService#_doActivateExtension vscode.github, startup: false, activationEvent: '*'
2024-10-03 19:00:07.187 [info] ExtensionService#_doActivateExtension ms-python.debugpy, startup: false, activationEvent: 'onLanguage:python'
2024-10-03 19:00:07.187 [info] ExtensionService#_doActivateExtension ms-python.vscode-pylance, startup: false, activationEvent: 'onLanguage:python'
2024-10-03 19:00:07.521 [info] Eager extensions activated
2024-10-03 19:00:07.522 [info] ExtensionService#_doActivateExtension vscode.debug-auto-launch, startup: false, activationEvent: 'onStartupFinished'
2024-10-03 19:00:07.522 [info] ExtensionService#_doActivateExtension vscode.merge-conflict, startup: false, activationEvent: 'onStartupFinished'
2024-10-03 19:17:00.688 [info] ExtensionService#_doActivateExtension vscode.ipynb, startup: false, activationEvent: 'onNotebookSerializer:jupyter-notebook'
2024-10-03 19:29:58.884 [info] Extension host terminating: received terminate message from renderer
2024-10-03 19:29:58.885 [info] Lock '/teamspace/studios/this_studio/.vscode-server/data/User/workspaceStorage/f67e57637d5c94274a0a90e79a73d602-1/vscode.lock': Marking the lockfile as scheduled to be released in 6000 ms.
2024-10-03 19:29:58.919 [info] Extension host with pid 32532 exiting with code 0
