2024-10-04 19:09:18.125 [info] Extension host with pid 7433 started
2024-10-04 19:09:18.125 [error] Error: EEXIST: file already exists, open '/teamspace/studios/this_studio/.vscode-server/data/User/workspaceStorage/f67e57637d5c94274a0a90e79a73d602/vscode.lock'
2024-10-04 19:09:18.128 [info] Lock '/teamspace/studios/this_studio/.vscode-server/data/User/workspaceStorage/f67e57637d5c94274a0a90e79a73d602/vscode.lock': Could not acquire lock, checking if the file is stale.
2024-10-04 19:09:18.131 [info] Lock '/teamspace/studios/this_studio/.vscode-server/data/User/workspaceStorage/f67e57637d5c94274a0a90e79a73d602/vscode.lock': The pid 4557 appears to be gone.
2024-10-04 19:09:18.131 [info] Lock '/teamspace/studios/this_studio/.vscode-server/data/User/workspaceStorage/f67e57637d5c94274a0a90e79a73d602/vscode.lock': Deleting a stale lock.
2024-10-04 19:09:18.149 [info] Lock '/teamspace/studios/this_studio/.vscode-server/data/User/workspaceStorage/f67e57637d5c94274a0a90e79a73d602/vscode.lock': Lock acquired.
2024-10-04 19:09:19.918 [info] ExtensionService#_doActivateExtension vscode.tunnel-forwarding, startup: false, activationEvent: 'onTunnel'
2024-10-04 19:09:19.919 [info] ExtensionService#_doActivateExtension mechatroner.rainbow-csv, startup: false, activationEvent: 'onLanguage:plaintext'
2024-10-04 19:09:19.919 [info] ExtensionService#_doActivateExtension vscode.emmet, startup: false, activationEvent: 'onLanguage'
2024-10-04 19:09:19.919 [info] ExtensionService#_doActivateExtension ms-python.python, startup: false, activationEvent: 'onLanguage:python', root cause: ms-python.debugpy
2024-10-04 19:09:19.920 [info] ExtensionService#_doActivateExtension vscode.git-base, startup: false, activationEvent: '*', root cause: vscode.git
2024-10-04 19:09:21.852 [info] ExtensionService#_doActivateExtension vscode.git, startup: false, activationEvent: '*'
2024-10-04 19:09:21.853 [info] ExtensionService#_doActivateExtension vscode.github, startup: false, activationEvent: '*'
2024-10-04 19:09:22.498 [info] ExtensionService#_doActivateExtension ms-python.debugpy, startup: false, activationEvent: 'onLanguage:python'
2024-10-04 19:09:22.499 [info] ExtensionService#_doActivateExtension ms-python.vscode-pylance, startup: false, activationEvent: 'onLanguage:python'
2024-10-04 19:09:22.856 [info] Eager extensions activated
2024-10-04 19:09:22.857 [info] ExtensionService#_doActivateExtension vscode.debug-auto-launch, startup: false, activationEvent: 'onStartupFinished'
2024-10-04 19:09:22.857 [info] ExtensionService#_doActivateExtension vscode.merge-conflict, startup: false, activationEvent: 'onStartupFinished'
2024-10-04 20:04:01.215 [warning] [Decorations] CAPPING events from decorations provider vscode.git 10000
2024-10-04 20:06:55.887 [warning] [Decorations] CAPPING events from decorations provider vscode.git 10000
2024-10-04 20:09:33.788 [warning] [Decorations] CAPPING events from decorations provider vscode.git 10003
2024-10-04 20:09:38.620 [warning] [Decorations] CAPPING events from decorations provider vscode.git 10000
2024-10-04 20:10:03.512 [warning] [Decorations] CAPPING events from decorations provider vscode.git 10000
2024-10-04 20:10:23.077 [warning] [Decorations] CAPPING events from decorations provider vscode.git 10000
2024-10-04 20:13:04.147 [warning] [Decorations] CAPPING events from decorations provider vscode.git 10001
2024-10-04 20:18:28.991 [warning] [Decorations] CAPPING events from decorations provider vscode.git 10000
2024-10-04 20:21:29.787 [warning] [Decorations] CAPPING events from decorations provider vscode.git 10000
2024-10-04 20:24:31.072 [warning] [Decorations] CAPPING events from decorations provider vscode.git 10000
2024-10-04 20:32:28.601 [warning] [Decorations] CAPPING events from decorations provider vscode.git 10000
