2024-10-04 13:44:04.886 [info] [main] Log level: Info
2024-10-04 13:44:04.886 [info] [main] Validating found git in: "git"
2024-10-04 13:44:04.886 [info] [main] Using git "2.42.0" from "git"
2024-10-04 13:44:04.887 [info] [Model][doInitialScan] Initial repository scan started
2024-10-04 13:44:04.887 [info] > git rev-parse --show-toplevel [15ms]
2024-10-04 13:44:04.887 [info] fatal: not a git repository (or any parent up to mount point /teamspace/studios)
Stopping at filesystem boundary (GIT_DISCOVERY_ACROSS_FILESYSTEM not set).
2024-10-04 13:44:04.887 [info] > git rev-parse --show-toplevel [3ms]
2024-10-04 13:44:04.887 [info] fatal: not a git repository (or any parent up to mount point /teamspace/studios)
Stopping at filesystem boundary (GIT_DISCOVERY_ACROSS_FILESYSTEM not set).
2024-10-04 13:44:04.887 [info] > git rev-parse --show-toplevel [2ms]
2024-10-04 13:44:04.887 [info] fatal: not a git repository (or any parent up to mount point /teamspace/studios)
Stopping at filesystem boundary (GIT_DISCOVERY_ACROSS_FILESYSTEM not set).
2024-10-04 13:44:04.887 [info] > git rev-parse --show-toplevel [2ms]
2024-10-04 13:44:04.887 [info] fatal: not a git repository (or any parent up to mount point /teamspace/studios)
Stopping at filesystem boundary (GIT_DISCOVERY_ACROSS_FILESYSTEM not set).
2024-10-04 13:44:04.887 [info] > git rev-parse --show-toplevel [2ms]
2024-10-04 13:44:04.887 [info] fatal: not a git repository (or any parent up to mount point /teamspace/studios)
Stopping at filesystem boundary (GIT_DISCOVERY_ACROSS_FILESYSTEM not set).
2024-10-04 13:44:04.887 [info] > git rev-parse --show-toplevel [1ms]
2024-10-04 13:44:04.887 [info] fatal: not a git repository (or any parent up to mount point /teamspace/studios)
Stopping at filesystem boundary (GIT_DISCOVERY_ACROSS_FILESYSTEM not set).
2024-10-04 13:44:04.887 [info] > git rev-parse --show-toplevel [2ms]
2024-10-04 13:44:04.887 [info] fatal: not a git repository (or any parent up to mount point /teamspace/studios)
Stopping at filesystem boundary (GIT_DISCOVERY_ACROSS_FILESYSTEM not set).
2024-10-04 13:44:04.887 [info] > git rev-parse --show-toplevel [2ms]
2024-10-04 13:44:04.887 [info] fatal: not a git repository (or any parent up to mount point /teamspace/studios)
Stopping at filesystem boundary (GIT_DISCOVERY_ACROSS_FILESYSTEM not set).
2024-10-04 13:44:04.887 [info] > git rev-parse --show-toplevel [2ms]
2024-10-04 13:44:04.887 [info] fatal: not a git repository (or any parent up to mount point /teamspace/studios)
Stopping at filesystem boundary (GIT_DISCOVERY_ACROSS_FILESYSTEM not set).
2024-10-04 13:44:04.887 [info] > git rev-parse --show-toplevel [2ms]
2024-10-04 13:44:04.887 [info] fatal: not a git repository (or any parent up to mount point /teamspace/studios)
Stopping at filesystem boundary (GIT_DISCOVERY_ACROSS_FILESYSTEM not set).
2024-10-04 13:44:04.887 [info] > git rev-parse --show-toplevel [1ms]
2024-10-04 13:44:04.887 [info] fatal: not a git repository (or any parent up to mount point /teamspace/studios)
Stopping at filesystem boundary (GIT_DISCOVERY_ACROSS_FILESYSTEM not set).
2024-10-04 13:44:04.887 [info] > git rev-parse --show-toplevel [2ms]
2024-10-04 13:44:04.887 [info] fatal: not a git repository (or any parent up to mount point /teamspace/studios)
Stopping at filesystem boundary (GIT_DISCOVERY_ACROSS_FILESYSTEM not set).
2024-10-04 13:44:04.887 [info] > git rev-parse --show-toplevel [2ms]
2024-10-04 13:44:04.887 [info] fatal: not a git repository (or any parent up to mount point /teamspace/studios)
Stopping at filesystem boundary (GIT_DISCOVERY_ACROSS_FILESYSTEM not set).
2024-10-04 13:44:04.887 [info] > git rev-parse --show-toplevel [2ms]
2024-10-04 13:44:04.887 [info] fatal: not a git repository (or any parent up to mount point /teamspace/studios)
Stopping at filesystem boundary (GIT_DISCOVERY_ACROSS_FILESYSTEM not set).
2024-10-04 13:44:04.887 [info] > git rev-parse --show-toplevel [2ms]
2024-10-04 13:44:04.887 [info] fatal: not a git repository (or any parent up to mount point /teamspace/studios)
Stopping at filesystem boundary (GIT_DISCOVERY_ACROSS_FILESYSTEM not set).
2024-10-04 13:44:04.887 [info] [Model][doInitialScan] Initial repository scan completed - repositories (0), closed repositories (0), parent repositories (0), unsafe repositories (0)
2024-10-04 13:57:48.700 [info] > git rev-parse --show-toplevel [6ms]
2024-10-04 13:57:48.701 [info] fatal: not a git repository (or any parent up to mount point /teamspace/studios)
Stopping at filesystem boundary (GIT_DISCOVERY_ACROSS_FILESYSTEM not set).
2024-10-04 13:58:01.070 [info] > git rev-parse --show-toplevel [2ms]
2024-10-04 13:58:01.070 [info] fatal: not a git repository (or any parent up to mount point /teamspace/studios)
Stopping at filesystem boundary (GIT_DISCOVERY_ACROSS_FILESYSTEM not set).
